<?xml version="1.0" encoding="UTF-8"?>
<testng-results skipped="0" failed="0" ignored="0" total="1" passed="1">
  <reporter-output>
  </reporter-output>
  <suite name="Suite" duration-ms="50547" started-at="2020-09-29T14:44:38 IST" finished-at="2020-09-29T14:45:29 IST">
    <groups>
    </groups>
    <test name="Test" duration-ms="50547" started-at="2020-09-29T14:44:38 IST" finished-at="2020-09-29T14:45:29 IST">
      <class name="test.Billing_addressTest">
        <test-method status="PASS" signature="initialise()[pri:0, instance:test.Billing_addressTest@74650e52]" name="initialise" is-config="true" duration-ms="12596" started-at="2020-09-29T14:44:38 IST" finished-at="2020-09-29T14:44:51 IST">
          <reporter-output>
          </reporter-output>
        </test-method> <!-- initialise -->
        <test-method status="PASS" signature="login()[pri:1, instance:test.Billing_addressTest@74650e52]" name="login" duration-ms="37853" started-at="2020-09-29T14:44:51 IST" finished-at="2020-09-29T14:45:29 IST">
          <reporter-output>
          </reporter-output>
        </test-method> <!-- login -->
      </class> <!-- test.Billing_addressTest -->
    </test> <!-- Test -->
  </suite> <!-- Suite -->
</testng-results>
